2019-10-27 19:46:58.287  INFO 5968 --- [main] nuc.bean.five.FiveApplication            : Starting FiveApplication on LAPTOP-0CQ1575K with PID 5968 (started by 123 in E:\项目\five)
2019-10-27 19:46:58.287  INFO 5968 --- [main] nuc.bean.five.FiveApplication            : No active profile set, falling back to default profiles: default
2019-10-27 19:46:59.372  INFO 5968 --- [main] .s.d.r.c.RepositoryConfigurationDelegate : Bootstrapping Spring Data repositories in DEFAULT mode.
2019-10-27 19:46:59.382  INFO 5968 --- [main] .s.d.r.c.RepositoryConfigurationDelegate : Finished Spring Data repository scanning in 0ms. Found 0 repository interfaces.
2019-10-27 19:46:59.712  INFO 5968 --- [main] trationDelegate$BeanPostProcessorChecker : Bean 'org.springframework.transaction.annotation.ProxyTransactionManagementConfiguration' of type [org.springframework.transaction.annotation.ProxyTransactionManagementConfiguration$$EnhancerBySpringCGLIB$$c8094f1] is not eligible for getting processed by all BeanPostProcessors (for example: not eligible for auto-proxying)
2019-10-27 19:46:59.852  WARN 5968 --- [main] o.a.catalina.core.AprLifecycleListener   : The APR based Apache Tomcat Native library failed to load. The error reported was [D:\downloads\apache-tomcat-7.0.82\bin\tcnative-1.dll: Can't load IA 32-bit .dll on a AMD 64-bit platform]

java.lang.UnsatisfiedLinkError: D:\downloads\apache-tomcat-7.0.82\bin\tcnative-1.dll: Can't load IA 32-bit .dll on a AMD 64-bit platform
	at java.lang.ClassLoader$NativeLibrary.load(Native Method) ~[na:1.8.0_161]
	at java.lang.ClassLoader.loadLibrary0(ClassLoader.java:1941) ~[na:1.8.0_161]
	at java.lang.ClassLoader.loadLibrary(ClassLoader.java:1857) ~[na:1.8.0_161]
	at java.lang.Runtime.loadLibrary0(Runtime.java:870) ~[na:1.8.0_161]
	at java.lang.System.loadLibrary(System.java:1122) ~[na:1.8.0_161]
	at org.apache.tomcat.jni.Library.<init>(Library.java:69) ~[tomcat-embed-core-9.0.26.jar:9.0.26]
	at org.apache.tomcat.jni.Library.initialize(Library.java:206) ~[tomcat-embed-core-9.0.26.jar:9.0.26]
	at org.apache.catalina.core.AprLifecycleListener.init(AprLifecycleListener.java:198) [tomcat-embed-core-9.0.26.jar:9.0.26]
	at org.apache.catalina.core.AprLifecycleListener.isAprAvailable(AprLifecycleListener.java:107) [tomcat-embed-core-9.0.26.jar:9.0.26]
	at org.springframework.boot.web.embedded.tomcat.TomcatServletWebServerFactory.getDefaultLifecycleListeners(TomcatServletWebServerFactory.java:161) [spring-boot-2.1.9.RELEASE.jar:2.1.9.RELEASE]
	at org.springframework.boot.web.embedded.tomcat.TomcatServletWebServerFactory.<init>(TomcatServletWebServerFactory.java:116) [spring-boot-2.1.9.RELEASE.jar:2.1.9.RELEASE]
	at org.springframework.boot.autoconfigure.web.servlet.ServletWebServerFactoryConfiguration$EmbeddedTomcat.tomcatServletWebServerFactory(ServletWebServerFactoryConfiguration.java:61) [spring-boot-autoconfigure-2.1.9.RELEASE.jar:2.1.9.RELEASE]
	at org.springframework.boot.autoconfigure.web.servlet.ServletWebServerFactoryConfiguration$EmbeddedTomcat$$EnhancerBySpringCGLIB$$770306db.CGLIB$tomcatServletWebServerFactory$0(<generated>) [spring-boot-autoconfigure-2.1.9.RELEASE.jar:2.1.9.RELEASE]
	at org.springframework.boot.autoconfigure.web.servlet.ServletWebServerFactoryConfiguration$EmbeddedTomcat$$EnhancerBySpringCGLIB$$770306db$$FastClassBySpringCGLIB$$cffd5e5b.invoke(<generated>) [spring-boot-autoconfigure-2.1.9.RELEASE.jar:2.1.9.RELEASE]
	at org.springframework.cglib.proxy.MethodProxy.invokeSuper(MethodProxy.java:244) [spring-core-5.1.10.RELEASE.jar:5.1.10.RELEASE]
	at org.springframework.context.annotation.ConfigurationClassEnhancer$BeanMethodInterceptor.intercept(ConfigurationClassEnhancer.java:363) [spring-context-5.1.10.RELEASE.jar:5.1.10.RELEASE]
	at org.springframework.boot.autoconfigure.web.servlet.ServletWebServerFactoryConfiguration$EmbeddedTomcat$$EnhancerBySpringCGLIB$$770306db.tomcatServletWebServerFactory(<generated>) [spring-boot-autoconfigure-2.1.9.RELEASE.jar:2.1.9.RELEASE]
	at sun.reflect.NativeMethodAccessorImpl.invoke0(Native Method) ~[na:1.8.0_161]
	at sun.reflect.NativeMethodAccessorImpl.invoke(NativeMethodAccessorImpl.java:62) ~[na:1.8.0_161]
	at sun.reflect.DelegatingMethodAccessorImpl.invoke(DelegatingMethodAccessorImpl.java:43) ~[na:1.8.0_161]
	at java.lang.reflect.Method.invoke(Method.java:498) ~[na:1.8.0_161]
	at org.springframework.beans.factory.support.SimpleInstantiationStrategy.instantiate(SimpleInstantiationStrategy.java:154) [spring-beans-5.1.10.RELEASE.jar:5.1.10.RELEASE]
	at org.springframework.beans.factory.support.ConstructorResolver.instantiate(ConstructorResolver.java:622) [spring-beans-5.1.10.RELEASE.jar:5.1.10.RELEASE]
	at org.springframework.beans.factory.support.ConstructorResolver.instantiateUsingFactoryMethod(ConstructorResolver.java:456) [spring-beans-5.1.10.RELEASE.jar:5.1.10.RELEASE]
	at org.springframework.beans.factory.support.AbstractAutowireCapableBeanFactory.instantiateUsingFactoryMethod(AbstractAutowireCapableBeanFactory.java:1321) [spring-beans-5.1.10.RELEASE.jar:5.1.10.RELEASE]
	at org.springframework.beans.factory.support.AbstractAutowireCapableBeanFactory.createBeanInstance(AbstractAutowireCapableBeanFactory.java:1160) [spring-beans-5.1.10.RELEASE.jar:5.1.10.RELEASE]
	at org.springframework.beans.factory.support.AbstractAutowireCapableBeanFactory.doCreateBean(AbstractAutowireCapableBeanFactory.java:555) [spring-beans-5.1.10.RELEASE.jar:5.1.10.RELEASE]
	at org.springframework.beans.factory.support.AbstractAutowireCapableBeanFactory.createBean(AbstractAutowireCapableBeanFactory.java:515) [spring-beans-5.1.10.RELEASE.jar:5.1.10.RELEASE]
	at org.springframework.beans.factory.support.AbstractBeanFactory.lambda$doGetBean$0(AbstractBeanFactory.java:320) [spring-beans-5.1.10.RELEASE.jar:5.1.10.RELEASE]
	at org.springframework.beans.factory.support.DefaultSingletonBeanRegistry.getSingleton(DefaultSingletonBeanRegistry.java:222) ~[spring-beans-5.1.10.RELEASE.jar:5.1.10.RELEASE]
	at org.springframework.beans.factory.support.AbstractBeanFactory.doGetBean(AbstractBeanFactory.java:318) [spring-beans-5.1.10.RELEASE.jar:5.1.10.RELEASE]
	at org.springframework.beans.factory.support.AbstractBeanFactory.getBean(AbstractBeanFactory.java:204) [spring-beans-5.1.10.RELEASE.jar:5.1.10.RELEASE]
	at org.springframework.boot.web.servlet.context.ServletWebServerApplicationContext.getWebServerFactory(ServletWebServerApplicationContext.java:210) ~[spring-boot-2.1.9.RELEASE.jar:2.1.9.RELEASE]
	at org.springframework.boot.web.servlet.context.ServletWebServerApplicationContext.createWebServer(ServletWebServerApplicationContext.java:179) ~[spring-boot-2.1.9.RELEASE.jar:2.1.9.RELEASE]
	at org.springframework.boot.web.servlet.context.ServletWebServerApplicationContext.onRefresh(ServletWebServerApplicationContext.java:153) ~[spring-boot-2.1.9.RELEASE.jar:2.1.9.RELEASE]
	at org.springframework.context.support.AbstractApplicationContext.refresh(AbstractApplicationContext.java:543) ~[spring-context-5.1.10.RELEASE.jar:5.1.10.RELEASE]
	at org.springframework.boot.web.servlet.context.ServletWebServerApplicationContext.refresh(ServletWebServerApplicationContext.java:141) ~[spring-boot-2.1.9.RELEASE.jar:2.1.9.RELEASE]
	at org.springframework.boot.SpringApplication.refresh(SpringApplication.java:744) ~[spring-boot-2.1.9.RELEASE.jar:2.1.9.RELEASE]
	at org.springframework.boot.SpringApplication.refreshContext(SpringApplication.java:391) ~[spring-boot-2.1.9.RELEASE.jar:2.1.9.RELEASE]
	at org.springframework.boot.SpringApplication.run(SpringApplication.java:312) ~[spring-boot-2.1.9.RELEASE.jar:2.1.9.RELEASE]
	at org.springframework.boot.SpringApplication.run(SpringApplication.java:1215) ~[spring-boot-2.1.9.RELEASE.jar:2.1.9.RELEASE]
	at org.springframework.boot.SpringApplication.run(SpringApplication.java:1204) ~[spring-boot-2.1.9.RELEASE.jar:2.1.9.RELEASE]
	at nuc.bean.five.FiveApplication.main(FiveApplication.java:10) ~[classes/:na]

2019-10-27 19:47:00.172  INFO 5968 --- [main] o.s.b.w.embedded.tomcat.TomcatWebServer  : Tomcat initialized with port(s): 8801 (http)
2019-10-27 19:47:00.202  INFO 5968 --- [main] o.apache.catalina.core.StandardService   : Starting service [Tomcat]
2019-10-27 19:47:00.202  INFO 5968 --- [main] org.apache.catalina.core.StandardEngine  : Starting Servlet engine: [Apache Tomcat/9.0.26]
2019-10-27 19:47:00.312  INFO 5968 --- [main] o.a.c.c.C.[Tomcat].[localhost].[/]       : Initializing Spring embedded WebApplicationContext
2019-10-27 19:47:00.312  INFO 5968 --- [main] o.s.web.context.ContextLoader            : Root WebApplicationContext: initialization completed in 1925 ms
2019-10-27 19:47:01.058  INFO 5968 --- [main] o.s.s.concurrent.ThreadPoolTaskExecutor  : Initializing ExecutorService 'applicationTaskExecutor'
2019-10-27 19:47:01.108  INFO 5968 --- [main] o.s.b.a.w.s.WelcomePageHandlerMapping    : Adding welcome page: class path resource [static/index.html]
2019-10-27 19:47:01.358  INFO 5968 --- [main] o.s.b.w.embedded.tomcat.TomcatWebServer  : Tomcat started on port(s): 8801 (http) with context path ''
2019-10-27 19:47:01.358  INFO 5968 --- [main] nuc.bean.five.FiveApplication            : Started FiveApplication in 3.66 seconds (JVM running for 5.742)
2019-10-27 19:50:56.416  INFO 5968 --- [http-nio-8801-exec-1] o.a.c.c.C.[Tomcat].[localhost].[/]       : Initializing Spring DispatcherServlet 'dispatcherServlet'
2019-10-27 19:50:56.416  INFO 5968 --- [http-nio-8801-exec-1] o.s.web.servlet.DispatcherServlet        : Initializing Servlet 'dispatcherServlet'
2019-10-27 19:50:56.425  INFO 5968 --- [http-nio-8801-exec-1] o.s.web.servlet.DispatcherServlet        : Completed initialization in 9 ms
2019-10-27 19:52:57.763  INFO 5968 --- [http-nio-8801-exec-4] com.alibaba.druid.pool.DruidDataSource   : {dataSource-1} inited
2019-10-27 19:52:59.133  INFO 5968 --- [http-nio-8801-exec-4] nuc.bean.five.controller.UserController  : 142623200109282318--->李家豪--->男--->13512011975
2019-10-27 19:53:46.533  INFO 5968 --- [http-nio-8801-exec-7] nuc.bean.five.config.UserConfig          : 你想干啥，男女都不分了啊
2019-10-27 19:54:07.338  INFO 5968 --- [http-nio-8801-exec-6] nuc.bean.five.config.UserConfig          : 你想干啥，男女都不分了啊
